
============================================================
  PropEdge V14.0 — Batch 1  |  2026-04-05 UK
============================================================
  DVP updated: 90 entries written → dvp_rankings.json
  Loading game logs...
  ✓ V14 Adaptive Fusion models loaded (502 player trust scores)
  Excel: 132 props for 2026-04-05
  Scored: 130 plays | Skipped: {'no_player': 2, 'no_history': 0, 'no_feats': 0}
  T1: 0  T2: 1
  today.json: 130 plays saved (0 graded from today preserved)
  Git push ✓

  ✓ Batch 1 complete — 130 plays.


============================================================
  PropEdge V14.0 — Batch 1  |  2026-04-06 UK
============================================================
  DVP updated: 90 entries written → dvp_rankings.json
  Loading game logs...
  ✓ V14 Adaptive Fusion models loaded (502 player trust scores)
  Excel: 0 props for 2026-04-06
  Excel empty — falling back to Odds API...
  Odds API: 60 props for 2026-04-06
  Excel updated: 16750 total rows
  Scored: 60 plays | Skipped: {'no_player': 0, 'no_history': 0, 'no_feats': 0}
  T1: 0  T2: 2
  today.json: 60 plays saved (0 graded from today preserved)
  Git push ✓

  ✓ Batch 1 complete — 60 plays.

